Determining if the pthread_create exist failed with the following output:
Change Dir: /home/lbarrios/Documents/algo2/labo1/build/CMakeFiles/CMakeTmp

Run Build Command:"/usr/bin/make" "cmTryCompileExec428256933/fast"
/usr/bin/make -f CMakeFiles/cmTryCompileExec428256933.dir/build.make CMakeFiles/cmTryCompileExec428256933.dir/build
make[1]: se ingresa al directorio «/home/lbarrios/Documents/algo2/labo1/build/CMakeFiles/CMakeTmp»
/usr/bin/cmake -E cmake_progress_report /home/lbarrios/Documents/algo2/labo1/build/CMakeFiles/CMakeTmp/CMakeFiles 1
Building C object CMakeFiles/cmTryCompileExec428256933.dir/CheckSymbolExists.c.o
/usr/bin/cc    -o CMakeFiles/cmTryCompileExec428256933.dir/CheckSymbolExists.c.o   -c /home/lbarrios/Documents/algo2/labo1/build/CMakeFiles/CMakeTmp/CheckSymbolExists.c
Linking C executable cmTryCompileExec428256933
/usr/bin/cmake -E cmake_link_script CMakeFiles/cmTryCompileExec428256933.dir/link.txt --verbose=1
/usr/bin/cc       CMakeFiles/cmTryCompileExec428256933.dir/CheckSymbolExists.c.o  -o cmTryCompileExec428256933 -rdynamic 
CMakeFiles/cmTryCompileExec428256933.dir/CheckSymbolExists.c.o: En la función `main':
CheckSymbolExists.c:(.text+0x16): referencia a `pthread_create' sin definir
collect2: error: ld returned 1 exit status
make[1]: *** [cmTryCompileExec428256933] Error 1
make[1]: se sale del directorio «/home/lbarrios/Documents/algo2/labo1/build/CMakeFiles/CMakeTmp»
make: *** [cmTryCompileExec428256933/fast] Error 2

File /home/lbarrios/Documents/algo2/labo1/build/CMakeFiles/CMakeTmp/CheckSymbolExists.c:
/* */
#include <pthread.h>

int main(int argc, char** argv)
{
  (void)argv;
#ifndef pthread_create
  return ((int*)(&pthread_create))[argc];
#else
  (void)argc;
  return 0;
#endif
}

Determining if the function pthread_create exists in the pthreads failed with the following output:
Change Dir: /home/lbarrios/Documents/algo2/labo1/build/CMakeFiles/CMakeTmp

Run Build Command:"/usr/bin/make" "cmTryCompileExec2678600406/fast"
/usr/bin/make -f CMakeFiles/cmTryCompileExec2678600406.dir/build.make CMakeFiles/cmTryCompileExec2678600406.dir/build
make[1]: se ingresa al directorio «/home/lbarrios/Documents/algo2/labo1/build/CMakeFiles/CMakeTmp»
/usr/bin/cmake -E cmake_progress_report /home/lbarrios/Documents/algo2/labo1/build/CMakeFiles/CMakeTmp/CMakeFiles 1
Building C object CMakeFiles/cmTryCompileExec2678600406.dir/CheckFunctionExists.c.o
/usr/bin/cc   -DCHECK_FUNCTION_EXISTS=pthread_create   -o CMakeFiles/cmTryCompileExec2678600406.dir/CheckFunctionExists.c.o   -c /usr/share/cmake-3.2/Modules/CheckFunctionExists.c
Linking C executable cmTryCompileExec2678600406
/usr/bin/cmake -E cmake_link_script CMakeFiles/cmTryCompileExec2678600406.dir/link.txt --verbose=1
/usr/bin/cc   -DCHECK_FUNCTION_EXISTS=pthread_create    CMakeFiles/cmTryCompileExec2678600406.dir/CheckFunctionExists.c.o  -o cmTryCompileExec2678600406 -rdynamic -lpthreads 
/usr/bin/ld: no se puede encontrar -lpthreads
collect2: error: ld returned 1 exit status
make[1]: *** [cmTryCompileExec2678600406] Error 1
make[1]: se sale del directorio «/home/lbarrios/Documents/algo2/labo1/build/CMakeFiles/CMakeTmp»
make: *** [cmTryCompileExec2678600406/fast] Error 2


